<?xml version="1.0" encoding="UTF-8"?>
<testsuite xmlns:xsi="http://www.w3.org/2001/XMLSchema-instance" xsi:noNamespaceSchemaLocation="https://maven.apache.org/surefire/maven-surefire-plugin/xsd/surefire-test-report-3.0.xsd" version="3.0" name="org.acme.GreetingResourceTest" time="14.037" tests="1" errors="0" skipped="0" failures="0">
  <properties>
    <property name="sun.desktop" value="gnome"/>
    <property name="awt.toolkit" value="sun.awt.X11.XToolkit"/>
    <property name="java.specification.version" value="11"/>
    <property name="sun.cpu.isalist" value=""/>
    <property name="sun.jnu.encoding" value="UTF-8"/>
    <property name="test.url" value="http://localhost:8081"/>
    <property name="java.class.path" value="/home/albarry/Documents/projet_al_fr-administration/Quarkus/target/test-classes:/home/albarry/Documents/projet_al_fr-administration/Quarkus/target/classes:/tmp/mavenrepository/io/quarkus/quarkus-arc/2.15.3.Final/quarkus-arc-2.15.3.Final.jar:/tmp/mavenrepository/io/quarkus/arc/arc/2.15.3.Final/arc-2.15.3.Final.jar:/tmp/mavenrepository/jakarta/enterprise/jakarta.enterprise.cdi-api/2.0.2/jakarta.enterprise.cdi-api-2.0.2.jar:/tmp/mavenrepository/jakarta/el/jakarta.el-api/3.0.3/jakarta.el-api-3.0.3.jar:/tmp/mavenrepository/jakarta/interceptor/jakarta.interceptor-api/1.2.5/jakarta.interceptor-api-1.2.5.jar:/tmp/mavenrepository/jakarta/transaction/jakarta.transaction-api/1.3.3/jakarta.transaction-api-1.3.3.jar:/tmp/mavenrepository/io/smallrye/reactive/mutiny/1.8.0/mutiny-1.8.0.jar:/tmp/mavenrepository/org/reactivestreams/reactive-streams/1.0.3/reactive-streams-1.0.3.jar:/tmp/mavenrepository/org/jboss/logging/jboss-logging/3.5.0.Final/jboss-logging-3.5.0.Final.jar:/tmp/mavenrepository/io/quarkus/quarkus-core/2.15.3.Final/quarkus-core-2.15.3.Final.jar:/tmp/mavenrepository/jakarta/inject/jakarta.inject-api/1.0/jakarta.inject-api-1.0.jar:/tmp/mavenrepository/io/quarkus/quarkus-ide-launcher/2.15.3.Final/quarkus-ide-launcher-2.15.3.Final.jar:/tmp/mavenrepository/io/quarkus/quarkus-development-mode-spi/2.15.3.Final/quarkus-development-mode-spi-2.15.3.Final.jar:/tmp/mavenrepository/io/smallrye/config/smallrye-config/2.13.1/smallrye-config-2.13.1.jar:/tmp/mavenrepository/io/smallrye/config/smallrye-config-core/2.13.1/smallrye-config-core-2.13.1.jar:/tmp/mavenrepository/org/eclipse/microprofile/config/microprofile-config-api/2.0.1/microprofile-config-api-2.0.1.jar:/tmp/mavenrepository/io/smallrye/common/smallrye-common-expression/1.13.2/smallrye-common-expression-1.13.2.jar:/tmp/mavenrepository/io/smallrye/common/smallrye-common-function/1.13.2/smallrye-common-function-1.13.2.jar:/tmp/mavenrepository/io/smallrye/common/smallrye-common-classloader/1.13.2/smallrye-common-classloader-1.13.2.jar:/tmp/mavenrepository/io/smallrye/config/smallrye-config-common/2.13.1/smallrye-config-common-2.13.1.jar:/tmp/mavenrepository/org/jboss/logmanager/jboss-logmanager-embedded/1.0.11/jboss-logmanager-embedded-1.0.11.jar:/tmp/mavenrepository/org/jboss/logging/jboss-logging-annotations/2.2.1.Final/jboss-logging-annotations-2.2.1.Final.jar:/tmp/mavenrepository/org/jboss/threads/jboss-threads/3.4.3.Final/jboss-threads-3.4.3.Final.jar:/tmp/mavenrepository/org/slf4j/slf4j-api/1.7.36/slf4j-api-1.7.36.jar:/tmp/mavenrepository/org/jboss/slf4j/slf4j-jboss-logmanager/1.2.0.Final/slf4j-jboss-logmanager-1.2.0.Final.jar:/tmp/mavenrepository/org/graalvm/sdk/graal-sdk/22.3.0/graal-sdk-22.3.0.jar:/tmp/mavenrepository/org/wildfly/common/wildfly-common/1.5.4.Final-format-001/wildfly-common-1.5.4.Final-format-001.jar:/tmp/mavenrepository/io/quarkus/quarkus-bootstrap-runner/2.15.3.Final/quarkus-bootstrap-runner-2.15.3.Final.jar:/tmp/mavenrepository/io/quarkus/quarkus-fs-util/0.0.9/quarkus-fs-util-0.0.9.jar:/tmp/mavenrepository/org/eclipse/microprofile/context-propagation/microprofile-context-propagation-api/1.2/microprofile-context-propagation-api-1.2.jar:/tmp/mavenrepository/io/quarkus/quarkus-resteasy-reactive/2.15.3.Final/quarkus-resteasy-reactive-2.15.3.Final.jar:/tmp/mavenrepository/io/quarkus/quarkus-resteasy-reactive-common/2.15.3.Final/quarkus-resteasy-reactive-common-2.15.3.Final.jar:/tmp/mavenrepository/io/quarkus/resteasy/reactive/resteasy-reactive-common/2.15.3.Final/resteasy-reactive-common-2.15.3.Final.jar:/tmp/mavenrepository/io/quarkus/resteasy/reactive/resteasy-reactive-common-types/2.15.3.Final/resteasy-reactive-common-types-2.15.3.Final.jar:/tmp/mavenrepository/io/quarkus/resteasy/reactive/resteasy-reactive-vertx/2.15.3.Final/resteasy-reactive-vertx-2.15.3.Final.jar:/tmp/mavenrepository/io/vertx/vertx-web/4.3.6/vertx-web-4.3.6.jar:/tmp/mavenrepository/io/vertx/vertx-web-common/4.3.6/vertx-web-common-4.3.6.jar:/tmp/mavenrepository/io/vertx/vertx-auth-common/4.3.6/vertx-auth-common-4.3.6.jar:/tmp/mavenrepository/io/vertx/vertx-bridge-common/4.3.6/vertx-bridge-common-4.3.6.jar:/tmp/mavenrepository/io/vertx/vertx-core/4.3.6/vertx-core-4.3.6.jar:/tmp/mavenrepository/io/netty/netty-common/4.1.86.Final/netty-common-4.1.86.Final.jar:/tmp/mavenrepository/io/netty/netty-handler-proxy/4.1.86.Final/netty-handler-proxy-4.1.86.Final.jar:/tmp/mavenrepository/io/netty/netty-codec-socks/4.1.86.Final/netty-codec-socks-4.1.86.Final.jar:/tmp/mavenrepository/io/netty/netty-resolver/4.1.86.Final/netty-resolver-4.1.86.Final.jar:/tmp/mavenrepository/io/netty/netty-resolver-dns/4.1.86.Final/netty-resolver-dns-4.1.86.Final.jar:/tmp/mavenrepository/io/netty/netty-codec-dns/4.1.86.Final/netty-codec-dns-4.1.86.Final.jar:/tmp/mavenrepository/io/smallrye/reactive/smallrye-mutiny-vertx-core/2.29.0/smallrye-mutiny-vertx-core-2.29.0.jar:/tmp/mavenrepository/io/smallrye/reactive/smallrye-mutiny-vertx-runtime/2.29.0/smallrye-mutiny-vertx-runtime-2.29.0.jar:/tmp/mavenrepository/io/smallrye/reactive/vertx-mutiny-generator/2.29.0/vertx-mutiny-generator-2.29.0.jar:/tmp/mavenrepository/io/vertx/vertx-codegen/4.3.6/vertx-codegen-4.3.6.jar:/tmp/mavenrepository/io/quarkus/resteasy/reactive/resteasy-reactive/2.15.3.Final/resteasy-reactive-2.15.3.Final.jar:/tmp/mavenrepository/org/jboss/spec/javax/ws/rs/jboss-jaxrs-api_2.1_spec/2.0.1.Final/jboss-jaxrs-api_2.1_spec-2.0.1.Final.jar:/tmp/mavenrepository/org/jboss/logging/commons-logging-jboss-logging/1.0.0.Final/commons-logging-jboss-logging-1.0.0.Final.jar:/tmp/mavenrepository/org/jboss/spec/javax/xml/bind/jboss-jaxb-api_2.3_spec/2.0.0.Final/jboss-jaxb-api_2.3_spec-2.0.0.Final.jar:/tmp/mavenrepository/io/quarkus/quarkus-vertx-http/2.15.3.Final/quarkus-vertx-http-2.15.3.Final.jar:/tmp/mavenrepository/io/quarkus/quarkus-security-runtime-spi/2.15.3.Final/quarkus-security-runtime-spi-2.15.3.Final.jar:/tmp/mavenrepository/io/smallrye/common/smallrye-common-vertx-context/1.13.2/smallrye-common-vertx-context-1.13.2.jar:/tmp/mavenrepository/io/smallrye/common/smallrye-common-constraint/1.13.2/smallrye-common-constraint-1.13.2.jar:/tmp/mavenrepository/io/quarkus/quarkus-vertx-http-dev-console-runtime-spi/2.15.3.Final/quarkus-vertx-http-dev-console-runtime-spi-2.15.3.Final.jar:/tmp/mavenrepository/io/quarkus/security/quarkus-security/1.1.4.Final/quarkus-security-1.1.4.Final.jar:/tmp/mavenrepository/io/smallrye/reactive/smallrye-mutiny-vertx-web/2.29.0/smallrye-mutiny-vertx-web-2.29.0.jar:/tmp/mavenrepository/io/smallrye/reactive/smallrye-mutiny-vertx-web-common/2.29.0/smallrye-mutiny-vertx-web-common-2.29.0.jar:/tmp/mavenrepository/io/smallrye/reactive/smallrye-mutiny-vertx-auth-common/2.29.0/smallrye-mutiny-vertx-auth-common-2.29.0.jar:/tmp/mavenrepository/io/smallrye/reactive/smallrye-mutiny-vertx-bridge-common/2.29.0/smallrye-mutiny-vertx-bridge-common-2.29.0.jar:/tmp/mavenrepository/io/smallrye/reactive/smallrye-mutiny-vertx-uri-template/2.29.0/smallrye-mutiny-vertx-uri-template-2.29.0.jar:/tmp/mavenrepository/io/vertx/vertx-uri-template/4.3.6/vertx-uri-template-4.3.6.jar:/tmp/mavenrepository/io/github/crac/org-crac/0.1.3/org-crac-0.1.3.jar:/tmp/mavenrepository/io/quarkus/quarkus-jsonp/2.15.3.Final/quarkus-jsonp-2.15.3.Final.jar:/tmp/mavenrepository/org/glassfish/jakarta.json/1.1.6/jakarta.json-1.1.6.jar:/tmp/mavenrepository/io/quarkus/quarkus-mailer/2.15.3.Final/quarkus-mailer-2.15.3.Final.jar:/tmp/mavenrepository/io/quarkus/quarkus-vertx/2.15.3.Final/quarkus-vertx-2.15.3.Final.jar:/tmp/mavenrepository/io/quarkus/quarkus-netty/2.15.3.Final/quarkus-netty-2.15.3.Final.jar:/tmp/mavenrepository/io/netty/netty-codec/4.1.86.Final/netty-codec-4.1.86.Final.jar:/tmp/mavenrepository/io/netty/netty-codec-http/4.1.86.Final/netty-codec-http-4.1.86.Final.jar:/tmp/mavenrepository/io/netty/netty-codec-http2/4.1.86.Final/netty-codec-http2-4.1.86.Final.jar:/tmp/mavenrepository/io/netty/netty-handler/4.1.86.Final/netty-handler-4.1.86.Final.jar:/tmp/mavenrepository/io/netty/netty-transport-native-unix-common/4.1.86.Final/netty-transport-native-unix-common-4.1.86.Final.jar:/tmp/mavenrepository/com/aayushatharva/brotli4j/brotli4j/1.8.0/brotli4j-1.8.0.jar:/tmp/mavenrepository/com/aayushatharva/brotli4j/native-linux-x86_64/1.8.0/native-linux-x86_64-1.8.0.jar:/tmp/mavenrepository/io/netty/netty-codec-haproxy/4.1.86.Final/netty-codec-haproxy-4.1.86.Final.jar:/tmp/mavenrepository/io/netty/netty-buffer/4.1.86.Final/netty-buffer-4.1.86.Final.jar:/tmp/mavenrepository/io/netty/netty-transport/4.1.86.Final/netty-transport-4.1.86.Final.jar:/tmp/mavenrepository/io/smallrye/common/smallrye-common-annotation/1.13.2/smallrye-common-annotation-1.13.2.jar:/tmp/mavenrepository/io/quarkus/quarkus-vertx-latebound-mdc-provider/2.15.3.Final/quarkus-vertx-latebound-mdc-provider-2.15.3.Final.jar:/tmp/mavenrepository/io/smallrye/smallrye-fault-tolerance-vertx/5.6.0/smallrye-fault-tolerance-vertx-5.6.0.jar:/tmp/mavenrepository/io/quarkus/quarkus-qute/2.15.3.Final/quarkus-qute-2.15.3.Final.jar:/tmp/mavenrepository/io/quarkus/qute/qute-core/2.15.3.Final/qute-core-2.15.3.Final.jar:/tmp/mavenrepository/io/quarkus/quarkus-mutiny/2.15.3.Final/quarkus-mutiny-2.15.3.Final.jar:/tmp/mavenrepository/io/quarkus/quarkus-smallrye-context-propagation/2.15.3.Final/quarkus-smallrye-context-propagation-2.15.3.Final.jar:/tmp/mavenrepository/io/smallrye/smallrye-context-propagation/1.2.2/smallrye-context-propagation-1.2.2.jar:/tmp/mavenrepository/io/smallrye/smallrye-context-propagation-api/1.2.2/smallrye-context-propagation-api-1.2.2.jar:/tmp/mavenrepository/io/smallrye/smallrye-context-propagation-storage/1.2.2/smallrye-context-propagation-storage-1.2.2.jar:/tmp/mavenrepository/io/smallrye/reactive/mutiny-smallrye-context-propagation/1.8.0/mutiny-smallrye-context-propagation-1.8.0.jar:/tmp/mavenrepository/io/smallrye/reactive/smallrye-mutiny-vertx-mail-client/2.29.0/smallrye-mutiny-vertx-mail-client-2.29.0.jar:/tmp/mavenrepository/io/vertx/vertx-mail-client/4.3.6/vertx-mail-client-4.3.6.jar:/tmp/mavenrepository/io/quarkus/quarkus-smallrye-reactive-messaging-rabbitmq/2.15.3.Final/quarkus-smallrye-reactive-messaging-rabbitmq-2.15.3.Final.jar:/tmp/mavenrepository/io/smallrye/reactive/smallrye-reactive-messaging-rabbitmq/3.22.0/smallrye-reactive-messaging-rabbitmq-3.22.0.jar:/tmp/mavenrepository/io/smallrye/reactive/smallrye-mutiny-vertx-rabbitmq-client/2.29.0/smallrye-mutiny-vertx-rabbitmq-client-2.29.0.jar:/tmp/mavenrepository/io/vertx/vertx-rabbitmq-client/4.3.6/vertx-rabbitmq-client-4.3.6.jar:/tmp/mavenrepository/com/rabbitmq/amqp-client/5.10.0/amqp-client-5.10.0.jar:/tmp/mavenrepository/io/opentelemetry/opentelemetry-api/1.19.0/opentelemetry-api-1.19.0.jar:/tmp/mavenrepository/io/opentelemetry/opentelemetry-context/1.19.0/opentelemetry-context-1.19.0.jar:/tmp/mavenrepository/io/opentelemetry/opentelemetry-semconv/1.19.0-alpha/opentelemetry-semconv-1.19.0-alpha.jar:/tmp/mavenrepository/io/smallrye/reactive/smallrye-reactive-converter-api/2.7.0/smallrye-reactive-converter-api-2.7.0.jar:/tmp/mavenrepository/io/quarkus/quarkus-mutiny-reactive-streams-operators/2.15.3.Final/quarkus-mutiny-reactive-streams-operators-2.15.3.Final.jar:/tmp/mavenrepository/org/eclipse/microprofile/reactive-streams-operators/microprofile-reactive-streams-operators-api/1.0.1/microprofile-reactive-streams-operators-api-1.0.1.jar:/tmp/mavenrepository/org/eclipse/microprofile/reactive-streams-operators/microprofile-reactive-streams-operators-core/1.0.1/microprofile-reactive-streams-operators-core-1.0.1.jar:/tmp/mavenrepository/io/smallrye/reactive/mutiny-reactive-streams-operators/1.8.0/mutiny-reactive-streams-operators-1.8.0.jar:/tmp/mavenrepository/io/quarkus/quarkus-smallrye-reactive-messaging/2.15.3.Final/quarkus-smallrye-reactive-messaging-2.15.3.Final.jar:/tmp/mavenrepository/io/quarkus/quarkus-smallrye-reactive-messaging-kotlin/2.15.3.Final/quarkus-smallrye-reactive-messaging-kotlin-2.15.3.Final.jar:/tmp/mavenrepository/io/smallrye/reactive/smallrye-reactive-messaging-health/3.22.0/smallrye-reactive-messaging-health-3.22.0.jar:/tmp/mavenrepository/org/eclipse/microprofile/health/microprofile-health-api/3.1/microprofile-health-api-3.1.jar:/tmp/mavenrepository/io/quarkus/quarkus-credentials/2.15.3.Final/quarkus-credentials-2.15.3.Final.jar:/tmp/mavenrepository/io/quarkus/quarkus-jackson/2.15.3.Final/quarkus-jackson-2.15.3.Final.jar:/tmp/mavenrepository/com/fasterxml/jackson/core/jackson-databind/2.14.1/jackson-databind-2.14.1.jar:/tmp/mavenrepository/com/fasterxml/jackson/core/jackson-annotations/2.14.1/jackson-annotations-2.14.1.jar:/tmp/mavenrepository/com/fasterxml/jackson/core/jackson-core/2.14.1/jackson-core-2.14.1.jar:/tmp/mavenrepository/com/fasterxml/jackson/datatype/jackson-datatype-jsr310/2.14.1/jackson-datatype-jsr310-2.14.1.jar:/tmp/mavenrepository/com/fasterxml/jackson/datatype/jackson-datatype-jdk8/2.14.1/jackson-datatype-jdk8-2.14.1.jar:/tmp/mavenrepository/com/fasterxml/jackson/module/jackson-module-parameter-names/2.14.1/jackson-module-parameter-names-2.14.1.jar:/tmp/mavenrepository/io/smallrye/reactive/smallrye-reactive-messaging-provider/3.22.0/smallrye-reactive-messaging-provider-3.22.0.jar:/tmp/mavenrepository/io/smallrye/reactive/smallrye-reactive-messaging-api/3.22.0/smallrye-reactive-messaging-api-3.22.0.jar:/tmp/mavenrepository/jakarta/annotation/jakarta.annotation-api/1.3.5/jakarta.annotation-api-1.3.5.jar:/tmp/mavenrepository/io/quarkus/quarkus-junit5/2.15.3.Final/quarkus-junit5-2.15.3.Final.jar:/tmp/mavenrepository/io/quarkus/quarkus-bootstrap-core/2.15.3.Final/quarkus-bootstrap-core-2.15.3.Final.jar:/tmp/mavenrepository/io/quarkus/quarkus-bootstrap-app-model/2.15.3.Final/quarkus-bootstrap-app-model-2.15.3.Final.jar:/tmp/mavenrepository/io/smallrye/common/smallrye-common-io/1.13.2/smallrye-common-io-1.13.2.jar:/tmp/mavenrepository/org/eclipse/sisu/org.eclipse.sisu.inject/0.3.5/org.eclipse.sisu.inject-0.3.5.jar:/tmp/mavenrepository/io/quarkus/quarkus-test-common/2.15.3.Final/quarkus-test-common-2.15.3.Final.jar:/tmp/mavenrepository/io/quarkus/quarkus-core-deployment/2.15.3.Final/quarkus-core-deployment-2.15.3.Final.jar:/tmp/mavenrepository/org/aesh/readline/2.2/readline-2.2.jar:/tmp/mavenrepository/org/fusesource/jansi/jansi/1.18/jansi-1.18.jar:/tmp/mavenrepository/org/aesh/aesh/2.6/aesh-2.6.jar:/tmp/mavenrepository/io/quarkus/gizmo/gizmo/1.4.0.Final/gizmo-1.4.0.Final.jar:/tmp/mavenrepository/org/ow2/asm/asm-util/9.4/asm-util-9.4.jar:/tmp/mavenrepository/org/ow2/asm/asm-analysis/9.4/asm-analysis-9.4.jar:/tmp/mavenrepository/org/ow2/asm/asm/9.4/asm-9.4.jar:/tmp/mavenrepository/org/ow2/asm/asm-commons/9.4/asm-commons-9.4.jar:/tmp/mavenrepository/org/ow2/asm/asm-tree/9.4/asm-tree-9.4.jar:/tmp/mavenrepository/io/quarkus/quarkus-class-change-agent/2.15.3.Final/quarkus-class-change-agent-2.15.3.Final.jar:/tmp/mavenrepository/io/quarkus/quarkus-devtools-utilities/2.15.3.Final/quarkus-devtools-utilities-2.15.3.Final.jar:/tmp/mavenrepository/io/quarkus/quarkus-builder/2.15.3.Final/quarkus-builder-2.15.3.Final.jar:/tmp/mavenrepository/org/junit/platform/junit-platform-launcher/1.9.1/junit-platform-launcher-1.9.1.jar:/tmp/mavenrepository/io/quarkus/quarkus-bootstrap-maven-resolver/2.15.3.Final/quarkus-bootstrap-maven-resolver-2.15.3.Final.jar:/tmp/mavenrepository/org/apache/maven/maven-embedder/3.8.6/maven-embedder-3.8.6.jar:/tmp/mavenrepository/org/apache/maven/maven-settings/3.8.6/maven-settings-3.8.6.jar:/tmp/mavenrepository/org/apache/maven/maven-core/3.8.6/maven-core-3.8.6.jar:/tmp/mavenrepository/org/apache/maven/maven-artifact/3.8.6/maven-artifact-3.8.6.jar:/tmp/mavenrepository/org/codehaus/plexus/plexus-component-annotations/2.1.0/plexus-component-annotations-2.1.0.jar:/tmp/mavenrepository/org/apache/maven/maven-plugin-api/3.8.6/maven-plugin-api-3.8.6.jar:/tmp/mavenrepository/org/apache/maven/maven-model/3.8.6/maven-model-3.8.6.jar:/tmp/mavenrepository/org/apache/maven/maven-model-builder/3.8.6/maven-model-builder-3.8.6.jar:/tmp/mavenrepository/org/apache/maven/maven-builder-support/3.8.6/maven-builder-support-3.8.6.jar:/tmp/mavenrepository/org/apache/maven/resolver/maven-resolver-api/1.6.3/maven-resolver-api-1.6.3.jar:/tmp/mavenrepository/org/apache/maven/resolver/maven-resolver-util/1.6.3/maven-resolver-util-1.6.3.jar:/tmp/mavenrepository/org/apache/maven/shared/maven-shared-utils/3.3.4/maven-shared-utils-3.3.4.jar:/tmp/mavenrepository/commons-io/commons-io/2.11.0/commons-io-2.11.0.jar:/tmp/mavenrepository/com/google/inject/guice/4.2.2/guice-4.2.2-no_aop.jar:/tmp/mavenrepository/com/google/guava/guava/31.1-jre/guava-31.1-jre.jar:/tmp/mavenrepository/com/google/guava/failureaccess/1.0.1/failureaccess-1.0.1.jar:/tmp/mavenrepository/org/codehaus/plexus/plexus-classworlds/2.6.0/plexus-classworlds-2.6.0.jar:/tmp/mavenrepository/org/codehaus/plexus/plexus-sec-dispatcher/2.0/plexus-sec-dispatcher-2.0.jar:/tmp/mavenrepository/org/codehaus/plexus/plexus-cipher/2.0/plexus-cipher-2.0.jar:/tmp/mavenrepository/commons-cli/commons-cli/1.4/commons-cli-1.4.jar:/tmp/mavenrepository/org/eclipse/sisu/org.eclipse.sisu.plexus/0.3.5/org.eclipse.sisu.plexus-0.3.5.jar:/tmp/mavenrepository/org/apache/maven/maven-settings-builder/3.8.6/maven-settings-builder-3.8.6.jar:/tmp/mavenrepository/org/codehaus/plexus/plexus-interpolation/1.26/plexus-interpolation-1.26.jar:/tmp/mavenrepository/org/apache/maven/maven-resolver-provider/3.8.6/maven-resolver-provider-3.8.6.jar:/tmp/mavenrepository/org/apache/maven/maven-repository-metadata/3.8.6/maven-repository-metadata-3.8.6.jar:/tmp/mavenrepository/org/apache/maven/resolver/maven-resolver-spi/1.6.3/maven-resolver-spi-1.6.3.jar:/tmp/mavenrepository/org/apache/maven/resolver/maven-resolver-impl/1.6.3/maven-resolver-impl-1.6.3.jar:/tmp/mavenrepository/org/codehaus/plexus/plexus-utils/3.3.0/plexus-utils-3.3.0.jar:/tmp/mavenrepository/org/apache/maven/resolver/maven-resolver-connector-basic/1.6.3/maven-resolver-connector-basic-1.6.3.jar:/tmp/mavenrepository/org/apache/maven/resolver/maven-resolver-transport-wagon/1.6.3/maven-resolver-transport-wagon-1.6.3.jar:/tmp/mavenrepository/org/apache/maven/wagon/wagon-http/3.5.1/wagon-http-3.5.1.jar:/tmp/mavenrepository/org/apache/maven/wagon/wagon-http-shared/3.5.1/wagon-http-shared-3.5.1.jar:/tmp/mavenrepository/org/apache/maven/wagon/wagon-provider-api/3.5.1/wagon-provider-api-3.5.1.jar:/tmp/mavenrepository/org/apache/maven/wagon/wagon-file/3.5.1/wagon-file-3.5.1.jar:/tmp/mavenrepository/io/quarkus/quarkus-bootstrap-gradle-resolver/2.15.3.Final/quarkus-bootstrap-gradle-resolver-2.15.3.Final.jar:/tmp/mavenrepository/io/smallrye/jandex/3.0.5/jandex-3.0.5.jar:/tmp/mavenrepository/io/quarkus/quarkus-junit5-properties/2.15.3.Final/quarkus-junit5-properties-2.15.3.Final.jar:/tmp/mavenrepository/org/junit/jupiter/junit-jupiter/5.9.1/junit-jupiter-5.9.1.jar:/tmp/mavenrepository/org/junit/jupiter/junit-jupiter-api/5.9.1/junit-jupiter-api-5.9.1.jar:/tmp/mavenrepository/org/opentest4j/opentest4j/1.2.0/opentest4j-1.2.0.jar:/tmp/mavenrepository/org/junit/platform/junit-platform-commons/1.9.1/junit-platform-commons-1.9.1.jar:/tmp/mavenrepository/org/apiguardian/apiguardian-api/1.1.2/apiguardian-api-1.1.2.jar:/tmp/mavenrepository/org/junit/jupiter/junit-jupiter-params/5.9.1/junit-jupiter-params-5.9.1.jar:/tmp/mavenrepository/org/junit/jupiter/junit-jupiter-engine/5.9.1/junit-jupiter-engine-5.9.1.jar:/tmp/mavenrepository/org/junit/platform/junit-platform-engine/1.9.1/junit-platform-engine-1.9.1.jar:/tmp/mavenrepository/com/thoughtworks/xstream/xstream/1.4.20/xstream-1.4.20.jar:/tmp/mavenrepository/io/github/x-stream/mxparser/1.2.2/mxparser-1.2.2.jar:/tmp/mavenrepository/xmlpull/xmlpull/1.1.3.1/xmlpull-1.1.3.1.jar:/tmp/mavenrepository/io/rest-assured/rest-assured/4.5.1/rest-assured-4.5.1.jar:/tmp/mavenrepository/org/codehaus/groovy/groovy/3.0.9/groovy-3.0.9.jar:/tmp/mavenrepository/org/codehaus/groovy/groovy-xml/3.0.9/groovy-xml-3.0.9.jar:/tmp/mavenrepository/org/apache/httpcomponents/httpclient/4.5.13/httpclient-4.5.13.jar:/tmp/mavenrepository/org/apache/httpcomponents/httpcore/4.4.15/httpcore-4.4.15.jar:/tmp/mavenrepository/commons-codec/commons-codec/1.15/commons-codec-1.15.jar:/tmp/mavenrepository/org/apache/httpcomponents/httpmime/4.5.13/httpmime-4.5.13.jar:/tmp/mavenrepository/org/hamcrest/hamcrest/2.1/hamcrest-2.1.jar:/tmp/mavenrepository/org/ccil/cowan/tagsoup/tagsoup/1.2.1/tagsoup-1.2.1.jar:/tmp/mavenrepository/io/rest-assured/json-path/4.5.1/json-path-4.5.1.jar:/tmp/mavenrepository/org/codehaus/groovy/groovy-json/3.0.9/groovy-json-3.0.9.jar:/tmp/mavenrepository/io/rest-assured/rest-assured-common/4.5.1/rest-assured-common-4.5.1.jar:/tmp/mavenrepository/io/rest-assured/xml-path/4.5.1/xml-path-4.5.1.jar:/tmp/mavenrepository/org/apache/commons/commons-lang3/3.12.0/commons-lang3-3.12.0.jar:"/>
    <property name="java.vm.vendor" value="Ubuntu"/>
    <property name="sun.arch.data.model" value="64"/>
    <property name="java.vendor.url" value="https://ubuntu.com/"/>
    <property name="user.timezone" value="Europe/Paris"/>
    <property name="logging.initial-configurator.min-level" value="500"/>
    <property name="java.vm.specification.version" value="11"/>
    <property name="os.name" value="Linux"/>
    <property name="sun.java.launcher" value="SUN_STANDARD"/>
    <property name="user.country" value="FR"/>
    <property name="sun.boot.library.path" value="/usr/lib/jvm/java-11-openjdk-amd64/lib"/>
    <property name="sun.java.command" value="/home/albarry/Documents/projet_al_fr-administration/Quarkus/target/surefire/surefirebooter-20230120181937900_3.jar /home/albarry/Documents/projet_al_fr-administration/Quarkus/target/surefire 2023-01-20T18-19-37_133-jvmRun1 surefire-20230120181937900_1tmp surefire_0-20230120181937900_2tmp"/>
    <property name="jdk.debug" value="release"/>
    <property name="maven.home" value="/usr/share/maven"/>
    <property name="surefire.test.class.path" value="/home/albarry/Documents/projet_al_fr-administration/Quarkus/target/test-classes:/home/albarry/Documents/projet_al_fr-administration/Quarkus/target/classes:/tmp/mavenrepository/io/quarkus/quarkus-arc/2.15.3.Final/quarkus-arc-2.15.3.Final.jar:/tmp/mavenrepository/io/quarkus/arc/arc/2.15.3.Final/arc-2.15.3.Final.jar:/tmp/mavenrepository/jakarta/enterprise/jakarta.enterprise.cdi-api/2.0.2/jakarta.enterprise.cdi-api-2.0.2.jar:/tmp/mavenrepository/jakarta/el/jakarta.el-api/3.0.3/jakarta.el-api-3.0.3.jar:/tmp/mavenrepository/jakarta/interceptor/jakarta.interceptor-api/1.2.5/jakarta.interceptor-api-1.2.5.jar:/tmp/mavenrepository/jakarta/transaction/jakarta.transaction-api/1.3.3/jakarta.transaction-api-1.3.3.jar:/tmp/mavenrepository/io/smallrye/reactive/mutiny/1.8.0/mutiny-1.8.0.jar:/tmp/mavenrepository/org/reactivestreams/reactive-streams/1.0.3/reactive-streams-1.0.3.jar:/tmp/mavenrepository/org/jboss/logging/jboss-logging/3.5.0.Final/jboss-logging-3.5.0.Final.jar:/tmp/mavenrepository/io/quarkus/quarkus-core/2.15.3.Final/quarkus-core-2.15.3.Final.jar:/tmp/mavenrepository/jakarta/inject/jakarta.inject-api/1.0/jakarta.inject-api-1.0.jar:/tmp/mavenrepository/io/quarkus/quarkus-ide-launcher/2.15.3.Final/quarkus-ide-launcher-2.15.3.Final.jar:/tmp/mavenrepository/io/quarkus/quarkus-development-mode-spi/2.15.3.Final/quarkus-development-mode-spi-2.15.3.Final.jar:/tmp/mavenrepository/io/smallrye/config/smallrye-config/2.13.1/smallrye-config-2.13.1.jar:/tmp/mavenrepository/io/smallrye/config/smallrye-config-core/2.13.1/smallrye-config-core-2.13.1.jar:/tmp/mavenrepository/org/eclipse/microprofile/config/microprofile-config-api/2.0.1/microprofile-config-api-2.0.1.jar:/tmp/mavenrepository/io/smallrye/common/smallrye-common-expression/1.13.2/smallrye-common-expression-1.13.2.jar:/tmp/mavenrepository/io/smallrye/common/smallrye-common-function/1.13.2/smallrye-common-function-1.13.2.jar:/tmp/mavenrepository/io/smallrye/common/smallrye-common-classloader/1.13.2/smallrye-common-classloader-1.13.2.jar:/tmp/mavenrepository/io/smallrye/config/smallrye-config-common/2.13.1/smallrye-config-common-2.13.1.jar:/tmp/mavenrepository/org/jboss/logmanager/jboss-logmanager-embedded/1.0.11/jboss-logmanager-embedded-1.0.11.jar:/tmp/mavenrepository/org/jboss/logging/jboss-logging-annotations/2.2.1.Final/jboss-logging-annotations-2.2.1.Final.jar:/tmp/mavenrepository/org/jboss/threads/jboss-threads/3.4.3.Final/jboss-threads-3.4.3.Final.jar:/tmp/mavenrepository/org/slf4j/slf4j-api/1.7.36/slf4j-api-1.7.36.jar:/tmp/mavenrepository/org/jboss/slf4j/slf4j-jboss-logmanager/1.2.0.Final/slf4j-jboss-logmanager-1.2.0.Final.jar:/tmp/mavenrepository/org/graalvm/sdk/graal-sdk/22.3.0/graal-sdk-22.3.0.jar:/tmp/mavenrepository/org/wildfly/common/wildfly-common/1.5.4.Final-format-001/wildfly-common-1.5.4.Final-format-001.jar:/tmp/mavenrepository/io/quarkus/quarkus-bootstrap-runner/2.15.3.Final/quarkus-bootstrap-runner-2.15.3.Final.jar:/tmp/mavenrepository/io/quarkus/quarkus-fs-util/0.0.9/quarkus-fs-util-0.0.9.jar:/tmp/mavenrepository/org/eclipse/microprofile/context-propagation/microprofile-context-propagation-api/1.2/microprofile-context-propagation-api-1.2.jar:/tmp/mavenrepository/io/quarkus/quarkus-resteasy-reactive/2.15.3.Final/quarkus-resteasy-reactive-2.15.3.Final.jar:/tmp/mavenrepository/io/quarkus/quarkus-resteasy-reactive-common/2.15.3.Final/quarkus-resteasy-reactive-common-2.15.3.Final.jar:/tmp/mavenrepository/io/quarkus/resteasy/reactive/resteasy-reactive-common/2.15.3.Final/resteasy-reactive-common-2.15.3.Final.jar:/tmp/mavenrepository/io/quarkus/resteasy/reactive/resteasy-reactive-common-types/2.15.3.Final/resteasy-reactive-common-types-2.15.3.Final.jar:/tmp/mavenrepository/io/quarkus/resteasy/reactive/resteasy-reactive-vertx/2.15.3.Final/resteasy-reactive-vertx-2.15.3.Final.jar:/tmp/mavenrepository/io/vertx/vertx-web/4.3.6/vertx-web-4.3.6.jar:/tmp/mavenrepository/io/vertx/vertx-web-common/4.3.6/vertx-web-common-4.3.6.jar:/tmp/mavenrepository/io/vertx/vertx-auth-common/4.3.6/vertx-auth-common-4.3.6.jar:/tmp/mavenrepository/io/vertx/vertx-bridge-common/4.3.6/vertx-bridge-common-4.3.6.jar:/tmp/mavenrepository/io/vertx/vertx-core/4.3.6/vertx-core-4.3.6.jar:/tmp/mavenrepository/io/netty/netty-common/4.1.86.Final/netty-common-4.1.86.Final.jar:/tmp/mavenrepository/io/netty/netty-handler-proxy/4.1.86.Final/netty-handler-proxy-4.1.86.Final.jar:/tmp/mavenrepository/io/netty/netty-codec-socks/4.1.86.Final/netty-codec-socks-4.1.86.Final.jar:/tmp/mavenrepository/io/netty/netty-resolver/4.1.86.Final/netty-resolver-4.1.86.Final.jar:/tmp/mavenrepository/io/netty/netty-resolver-dns/4.1.86.Final/netty-resolver-dns-4.1.86.Final.jar:/tmp/mavenrepository/io/netty/netty-codec-dns/4.1.86.Final/netty-codec-dns-4.1.86.Final.jar:/tmp/mavenrepository/io/smallrye/reactive/smallrye-mutiny-vertx-core/2.29.0/smallrye-mutiny-vertx-core-2.29.0.jar:/tmp/mavenrepository/io/smallrye/reactive/smallrye-mutiny-vertx-runtime/2.29.0/smallrye-mutiny-vertx-runtime-2.29.0.jar:/tmp/mavenrepository/io/smallrye/reactive/vertx-mutiny-generator/2.29.0/vertx-mutiny-generator-2.29.0.jar:/tmp/mavenrepository/io/vertx/vertx-codegen/4.3.6/vertx-codegen-4.3.6.jar:/tmp/mavenrepository/io/quarkus/resteasy/reactive/resteasy-reactive/2.15.3.Final/resteasy-reactive-2.15.3.Final.jar:/tmp/mavenrepository/org/jboss/spec/javax/ws/rs/jboss-jaxrs-api_2.1_spec/2.0.1.Final/jboss-jaxrs-api_2.1_spec-2.0.1.Final.jar:/tmp/mavenrepository/org/jboss/logging/commons-logging-jboss-logging/1.0.0.Final/commons-logging-jboss-logging-1.0.0.Final.jar:/tmp/mavenrepository/org/jboss/spec/javax/xml/bind/jboss-jaxb-api_2.3_spec/2.0.0.Final/jboss-jaxb-api_2.3_spec-2.0.0.Final.jar:/tmp/mavenrepository/io/quarkus/quarkus-vertx-http/2.15.3.Final/quarkus-vertx-http-2.15.3.Final.jar:/tmp/mavenrepository/io/quarkus/quarkus-security-runtime-spi/2.15.3.Final/quarkus-security-runtime-spi-2.15.3.Final.jar:/tmp/mavenrepository/io/smallrye/common/smallrye-common-vertx-context/1.13.2/smallrye-common-vertx-context-1.13.2.jar:/tmp/mavenrepository/io/smallrye/common/smallrye-common-constraint/1.13.2/smallrye-common-constraint-1.13.2.jar:/tmp/mavenrepository/io/quarkus/quarkus-vertx-http-dev-console-runtime-spi/2.15.3.Final/quarkus-vertx-http-dev-console-runtime-spi-2.15.3.Final.jar:/tmp/mavenrepository/io/quarkus/security/quarkus-security/1.1.4.Final/quarkus-security-1.1.4.Final.jar:/tmp/mavenrepository/io/smallrye/reactive/smallrye-mutiny-vertx-web/2.29.0/smallrye-mutiny-vertx-web-2.29.0.jar:/tmp/mavenrepository/io/smallrye/reactive/smallrye-mutiny-vertx-web-common/2.29.0/smallrye-mutiny-vertx-web-common-2.29.0.jar:/tmp/mavenrepository/io/smallrye/reactive/smallrye-mutiny-vertx-auth-common/2.29.0/smallrye-mutiny-vertx-auth-common-2.29.0.jar:/tmp/mavenrepository/io/smallrye/reactive/smallrye-mutiny-vertx-bridge-common/2.29.0/smallrye-mutiny-vertx-bridge-common-2.29.0.jar:/tmp/mavenrepository/io/smallrye/reactive/smallrye-mutiny-vertx-uri-template/2.29.0/smallrye-mutiny-vertx-uri-template-2.29.0.jar:/tmp/mavenrepository/io/vertx/vertx-uri-template/4.3.6/vertx-uri-template-4.3.6.jar:/tmp/mavenrepository/io/github/crac/org-crac/0.1.3/org-crac-0.1.3.jar:/tmp/mavenrepository/io/quarkus/quarkus-jsonp/2.15.3.Final/quarkus-jsonp-2.15.3.Final.jar:/tmp/mavenrepository/org/glassfish/jakarta.json/1.1.6/jakarta.json-1.1.6.jar:/tmp/mavenrepository/io/quarkus/quarkus-mailer/2.15.3.Final/quarkus-mailer-2.15.3.Final.jar:/tmp/mavenrepository/io/quarkus/quarkus-vertx/2.15.3.Final/quarkus-vertx-2.15.3.Final.jar:/tmp/mavenrepository/io/quarkus/quarkus-netty/2.15.3.Final/quarkus-netty-2.15.3.Final.jar:/tmp/mavenrepository/io/netty/netty-codec/4.1.86.Final/netty-codec-4.1.86.Final.jar:/tmp/mavenrepository/io/netty/netty-codec-http/4.1.86.Final/netty-codec-http-4.1.86.Final.jar:/tmp/mavenrepository/io/netty/netty-codec-http2/4.1.86.Final/netty-codec-http2-4.1.86.Final.jar:/tmp/mavenrepository/io/netty/netty-handler/4.1.86.Final/netty-handler-4.1.86.Final.jar:/tmp/mavenrepository/io/netty/netty-transport-native-unix-common/4.1.86.Final/netty-transport-native-unix-common-4.1.86.Final.jar:/tmp/mavenrepository/com/aayushatharva/brotli4j/brotli4j/1.8.0/brotli4j-1.8.0.jar:/tmp/mavenrepository/com/aayushatharva/brotli4j/native-linux-x86_64/1.8.0/native-linux-x86_64-1.8.0.jar:/tmp/mavenrepository/io/netty/netty-codec-haproxy/4.1.86.Final/netty-codec-haproxy-4.1.86.Final.jar:/tmp/mavenrepository/io/netty/netty-buffer/4.1.86.Final/netty-buffer-4.1.86.Final.jar:/tmp/mavenrepository/io/netty/netty-transport/4.1.86.Final/netty-transport-4.1.86.Final.jar:/tmp/mavenrepository/io/smallrye/common/smallrye-common-annotation/1.13.2/smallrye-common-annotation-1.13.2.jar:/tmp/mavenrepository/io/quarkus/quarkus-vertx-latebound-mdc-provider/2.15.3.Final/quarkus-vertx-latebound-mdc-provider-2.15.3.Final.jar:/tmp/mavenrepository/io/smallrye/smallrye-fault-tolerance-vertx/5.6.0/smallrye-fault-tolerance-vertx-5.6.0.jar:/tmp/mavenrepository/io/quarkus/quarkus-qute/2.15.3.Final/quarkus-qute-2.15.3.Final.jar:/tmp/mavenrepository/io/quarkus/qute/qute-core/2.15.3.Final/qute-core-2.15.3.Final.jar:/tmp/mavenrepository/io/quarkus/quarkus-mutiny/2.15.3.Final/quarkus-mutiny-2.15.3.Final.jar:/tmp/mavenrepository/io/quarkus/quarkus-smallrye-context-propagation/2.15.3.Final/quarkus-smallrye-context-propagation-2.15.3.Final.jar:/tmp/mavenrepository/io/smallrye/smallrye-context-propagation/1.2.2/smallrye-context-propagation-1.2.2.jar:/tmp/mavenrepository/io/smallrye/smallrye-context-propagation-api/1.2.2/smallrye-context-propagation-api-1.2.2.jar:/tmp/mavenrepository/io/smallrye/smallrye-context-propagation-storage/1.2.2/smallrye-context-propagation-storage-1.2.2.jar:/tmp/mavenrepository/io/smallrye/reactive/mutiny-smallrye-context-propagation/1.8.0/mutiny-smallrye-context-propagation-1.8.0.jar:/tmp/mavenrepository/io/smallrye/reactive/smallrye-mutiny-vertx-mail-client/2.29.0/smallrye-mutiny-vertx-mail-client-2.29.0.jar:/tmp/mavenrepository/io/vertx/vertx-mail-client/4.3.6/vertx-mail-client-4.3.6.jar:/tmp/mavenrepository/io/quarkus/quarkus-smallrye-reactive-messaging-rabbitmq/2.15.3.Final/quarkus-smallrye-reactive-messaging-rabbitmq-2.15.3.Final.jar:/tmp/mavenrepository/io/smallrye/reactive/smallrye-reactive-messaging-rabbitmq/3.22.0/smallrye-reactive-messaging-rabbitmq-3.22.0.jar:/tmp/mavenrepository/io/smallrye/reactive/smallrye-mutiny-vertx-rabbitmq-client/2.29.0/smallrye-mutiny-vertx-rabbitmq-client-2.29.0.jar:/tmp/mavenrepository/io/vertx/vertx-rabbitmq-client/4.3.6/vertx-rabbitmq-client-4.3.6.jar:/tmp/mavenrepository/com/rabbitmq/amqp-client/5.10.0/amqp-client-5.10.0.jar:/tmp/mavenrepository/io/opentelemetry/opentelemetry-api/1.19.0/opentelemetry-api-1.19.0.jar:/tmp/mavenrepository/io/opentelemetry/opentelemetry-context/1.19.0/opentelemetry-context-1.19.0.jar:/tmp/mavenrepository/io/opentelemetry/opentelemetry-semconv/1.19.0-alpha/opentelemetry-semconv-1.19.0-alpha.jar:/tmp/mavenrepository/io/smallrye/reactive/smallrye-reactive-converter-api/2.7.0/smallrye-reactive-converter-api-2.7.0.jar:/tmp/mavenrepository/io/quarkus/quarkus-mutiny-reactive-streams-operators/2.15.3.Final/quarkus-mutiny-reactive-streams-operators-2.15.3.Final.jar:/tmp/mavenrepository/org/eclipse/microprofile/reactive-streams-operators/microprofile-reactive-streams-operators-api/1.0.1/microprofile-reactive-streams-operators-api-1.0.1.jar:/tmp/mavenrepository/org/eclipse/microprofile/reactive-streams-operators/microprofile-reactive-streams-operators-core/1.0.1/microprofile-reactive-streams-operators-core-1.0.1.jar:/tmp/mavenrepository/io/smallrye/reactive/mutiny-reactive-streams-operators/1.8.0/mutiny-reactive-streams-operators-1.8.0.jar:/tmp/mavenrepository/io/quarkus/quarkus-smallrye-reactive-messaging/2.15.3.Final/quarkus-smallrye-reactive-messaging-2.15.3.Final.jar:/tmp/mavenrepository/io/quarkus/quarkus-smallrye-reactive-messaging-kotlin/2.15.3.Final/quarkus-smallrye-reactive-messaging-kotlin-2.15.3.Final.jar:/tmp/mavenrepository/io/smallrye/reactive/smallrye-reactive-messaging-health/3.22.0/smallrye-reactive-messaging-health-3.22.0.jar:/tmp/mavenrepository/org/eclipse/microprofile/health/microprofile-health-api/3.1/microprofile-health-api-3.1.jar:/tmp/mavenrepository/io/quarkus/quarkus-credentials/2.15.3.Final/quarkus-credentials-2.15.3.Final.jar:/tmp/mavenrepository/io/quarkus/quarkus-jackson/2.15.3.Final/quarkus-jackson-2.15.3.Final.jar:/tmp/mavenrepository/com/fasterxml/jackson/core/jackson-databind/2.14.1/jackson-databind-2.14.1.jar:/tmp/mavenrepository/com/fasterxml/jackson/core/jackson-annotations/2.14.1/jackson-annotations-2.14.1.jar:/tmp/mavenrepository/com/fasterxml/jackson/core/jackson-core/2.14.1/jackson-core-2.14.1.jar:/tmp/mavenrepository/com/fasterxml/jackson/datatype/jackson-datatype-jsr310/2.14.1/jackson-datatype-jsr310-2.14.1.jar:/tmp/mavenrepository/com/fasterxml/jackson/datatype/jackson-datatype-jdk8/2.14.1/jackson-datatype-jdk8-2.14.1.jar:/tmp/mavenrepository/com/fasterxml/jackson/module/jackson-module-parameter-names/2.14.1/jackson-module-parameter-names-2.14.1.jar:/tmp/mavenrepository/io/smallrye/reactive/smallrye-reactive-messaging-provider/3.22.0/smallrye-reactive-messaging-provider-3.22.0.jar:/tmp/mavenrepository/io/smallrye/reactive/smallrye-reactive-messaging-api/3.22.0/smallrye-reactive-messaging-api-3.22.0.jar:/tmp/mavenrepository/jakarta/annotation/jakarta.annotation-api/1.3.5/jakarta.annotation-api-1.3.5.jar:/tmp/mavenrepository/io/quarkus/quarkus-junit5/2.15.3.Final/quarkus-junit5-2.15.3.Final.jar:/tmp/mavenrepository/io/quarkus/quarkus-bootstrap-core/2.15.3.Final/quarkus-bootstrap-core-2.15.3.Final.jar:/tmp/mavenrepository/io/quarkus/quarkus-bootstrap-app-model/2.15.3.Final/quarkus-bootstrap-app-model-2.15.3.Final.jar:/tmp/mavenrepository/io/smallrye/common/smallrye-common-io/1.13.2/smallrye-common-io-1.13.2.jar:/tmp/mavenrepository/org/eclipse/sisu/org.eclipse.sisu.inject/0.3.5/org.eclipse.sisu.inject-0.3.5.jar:/tmp/mavenrepository/io/quarkus/quarkus-test-common/2.15.3.Final/quarkus-test-common-2.15.3.Final.jar:/tmp/mavenrepository/io/quarkus/quarkus-core-deployment/2.15.3.Final/quarkus-core-deployment-2.15.3.Final.jar:/tmp/mavenrepository/org/aesh/readline/2.2/readline-2.2.jar:/tmp/mavenrepository/org/fusesource/jansi/jansi/1.18/jansi-1.18.jar:/tmp/mavenrepository/org/aesh/aesh/2.6/aesh-2.6.jar:/tmp/mavenrepository/io/quarkus/gizmo/gizmo/1.4.0.Final/gizmo-1.4.0.Final.jar:/tmp/mavenrepository/org/ow2/asm/asm-util/9.4/asm-util-9.4.jar:/tmp/mavenrepository/org/ow2/asm/asm-analysis/9.4/asm-analysis-9.4.jar:/tmp/mavenrepository/org/ow2/asm/asm/9.4/asm-9.4.jar:/tmp/mavenrepository/org/ow2/asm/asm-commons/9.4/asm-commons-9.4.jar:/tmp/mavenrepository/org/ow2/asm/asm-tree/9.4/asm-tree-9.4.jar:/tmp/mavenrepository/io/quarkus/quarkus-class-change-agent/2.15.3.Final/quarkus-class-change-agent-2.15.3.Final.jar:/tmp/mavenrepository/io/quarkus/quarkus-devtools-utilities/2.15.3.Final/quarkus-devtools-utilities-2.15.3.Final.jar:/tmp/mavenrepository/io/quarkus/quarkus-builder/2.15.3.Final/quarkus-builder-2.15.3.Final.jar:/tmp/mavenrepository/org/junit/platform/junit-platform-launcher/1.9.1/junit-platform-launcher-1.9.1.jar:/tmp/mavenrepository/io/quarkus/quarkus-bootstrap-maven-resolver/2.15.3.Final/quarkus-bootstrap-maven-resolver-2.15.3.Final.jar:/tmp/mavenrepository/org/apache/maven/maven-embedder/3.8.6/maven-embedder-3.8.6.jar:/tmp/mavenrepository/org/apache/maven/maven-settings/3.8.6/maven-settings-3.8.6.jar:/tmp/mavenrepository/org/apache/maven/maven-core/3.8.6/maven-core-3.8.6.jar:/tmp/mavenrepository/org/apache/maven/maven-artifact/3.8.6/maven-artifact-3.8.6.jar:/tmp/mavenrepository/org/codehaus/plexus/plexus-component-annotations/2.1.0/plexus-component-annotations-2.1.0.jar:/tmp/mavenrepository/org/apache/maven/maven-plugin-api/3.8.6/maven-plugin-api-3.8.6.jar:/tmp/mavenrepository/org/apache/maven/maven-model/3.8.6/maven-model-3.8.6.jar:/tmp/mavenrepository/org/apache/maven/maven-model-builder/3.8.6/maven-model-builder-3.8.6.jar:/tmp/mavenrepository/org/apache/maven/maven-builder-support/3.8.6/maven-builder-support-3.8.6.jar:/tmp/mavenrepository/org/apache/maven/resolver/maven-resolver-api/1.6.3/maven-resolver-api-1.6.3.jar:/tmp/mavenrepository/org/apache/maven/resolver/maven-resolver-util/1.6.3/maven-resolver-util-1.6.3.jar:/tmp/mavenrepository/org/apache/maven/shared/maven-shared-utils/3.3.4/maven-shared-utils-3.3.4.jar:/tmp/mavenrepository/commons-io/commons-io/2.11.0/commons-io-2.11.0.jar:/tmp/mavenrepository/com/google/inject/guice/4.2.2/guice-4.2.2-no_aop.jar:/tmp/mavenrepository/com/google/guava/guava/31.1-jre/guava-31.1-jre.jar:/tmp/mavenrepository/com/google/guava/failureaccess/1.0.1/failureaccess-1.0.1.jar:/tmp/mavenrepository/org/codehaus/plexus/plexus-classworlds/2.6.0/plexus-classworlds-2.6.0.jar:/tmp/mavenrepository/org/codehaus/plexus/plexus-sec-dispatcher/2.0/plexus-sec-dispatcher-2.0.jar:/tmp/mavenrepository/org/codehaus/plexus/plexus-cipher/2.0/plexus-cipher-2.0.jar:/tmp/mavenrepository/commons-cli/commons-cli/1.4/commons-cli-1.4.jar:/tmp/mavenrepository/org/eclipse/sisu/org.eclipse.sisu.plexus/0.3.5/org.eclipse.sisu.plexus-0.3.5.jar:/tmp/mavenrepository/org/apache/maven/maven-settings-builder/3.8.6/maven-settings-builder-3.8.6.jar:/tmp/mavenrepository/org/codehaus/plexus/plexus-interpolation/1.26/plexus-interpolation-1.26.jar:/tmp/mavenrepository/org/apache/maven/maven-resolver-provider/3.8.6/maven-resolver-provider-3.8.6.jar:/tmp/mavenrepository/org/apache/maven/maven-repository-metadata/3.8.6/maven-repository-metadata-3.8.6.jar:/tmp/mavenrepository/org/apache/maven/resolver/maven-resolver-spi/1.6.3/maven-resolver-spi-1.6.3.jar:/tmp/mavenrepository/org/apache/maven/resolver/maven-resolver-impl/1.6.3/maven-resolver-impl-1.6.3.jar:/tmp/mavenrepository/org/codehaus/plexus/plexus-utils/3.3.0/plexus-utils-3.3.0.jar:/tmp/mavenrepository/org/apache/maven/resolver/maven-resolver-connector-basic/1.6.3/maven-resolver-connector-basic-1.6.3.jar:/tmp/mavenrepository/org/apache/maven/resolver/maven-resolver-transport-wagon/1.6.3/maven-resolver-transport-wagon-1.6.3.jar:/tmp/mavenrepository/org/apache/maven/wagon/wagon-http/3.5.1/wagon-http-3.5.1.jar:/tmp/mavenrepository/org/apache/maven/wagon/wagon-http-shared/3.5.1/wagon-http-shared-3.5.1.jar:/tmp/mavenrepository/org/apache/maven/wagon/wagon-provider-api/3.5.1/wagon-provider-api-3.5.1.jar:/tmp/mavenrepository/org/apache/maven/wagon/wagon-file/3.5.1/wagon-file-3.5.1.jar:/tmp/mavenrepository/io/quarkus/quarkus-bootstrap-gradle-resolver/2.15.3.Final/quarkus-bootstrap-gradle-resolver-2.15.3.Final.jar:/tmp/mavenrepository/io/smallrye/jandex/3.0.5/jandex-3.0.5.jar:/tmp/mavenrepository/io/quarkus/quarkus-junit5-properties/2.15.3.Final/quarkus-junit5-properties-2.15.3.Final.jar:/tmp/mavenrepository/org/junit/jupiter/junit-jupiter/5.9.1/junit-jupiter-5.9.1.jar:/tmp/mavenrepository/org/junit/jupiter/junit-jupiter-api/5.9.1/junit-jupiter-api-5.9.1.jar:/tmp/mavenrepository/org/opentest4j/opentest4j/1.2.0/opentest4j-1.2.0.jar:/tmp/mavenrepository/org/junit/platform/junit-platform-commons/1.9.1/junit-platform-commons-1.9.1.jar:/tmp/mavenrepository/org/apiguardian/apiguardian-api/1.1.2/apiguardian-api-1.1.2.jar:/tmp/mavenrepository/org/junit/jupiter/junit-jupiter-params/5.9.1/junit-jupiter-params-5.9.1.jar:/tmp/mavenrepository/org/junit/jupiter/junit-jupiter-engine/5.9.1/junit-jupiter-engine-5.9.1.jar:/tmp/mavenrepository/org/junit/platform/junit-platform-engine/1.9.1/junit-platform-engine-1.9.1.jar:/tmp/mavenrepository/com/thoughtworks/xstream/xstream/1.4.20/xstream-1.4.20.jar:/tmp/mavenrepository/io/github/x-stream/mxparser/1.2.2/mxparser-1.2.2.jar:/tmp/mavenrepository/xmlpull/xmlpull/1.1.3.1/xmlpull-1.1.3.1.jar:/tmp/mavenrepository/io/rest-assured/rest-assured/4.5.1/rest-assured-4.5.1.jar:/tmp/mavenrepository/org/codehaus/groovy/groovy/3.0.9/groovy-3.0.9.jar:/tmp/mavenrepository/org/codehaus/groovy/groovy-xml/3.0.9/groovy-xml-3.0.9.jar:/tmp/mavenrepository/org/apache/httpcomponents/httpclient/4.5.13/httpclient-4.5.13.jar:/tmp/mavenrepository/org/apache/httpcomponents/httpcore/4.4.15/httpcore-4.4.15.jar:/tmp/mavenrepository/commons-codec/commons-codec/1.15/commons-codec-1.15.jar:/tmp/mavenrepository/org/apache/httpcomponents/httpmime/4.5.13/httpmime-4.5.13.jar:/tmp/mavenrepository/org/hamcrest/hamcrest/2.1/hamcrest-2.1.jar:/tmp/mavenrepository/org/ccil/cowan/tagsoup/tagsoup/1.2.1/tagsoup-1.2.1.jar:/tmp/mavenrepository/io/rest-assured/json-path/4.5.1/json-path-4.5.1.jar:/tmp/mavenrepository/org/codehaus/groovy/groovy-json/3.0.9/groovy-json-3.0.9.jar:/tmp/mavenrepository/io/rest-assured/rest-assured-common/4.5.1/rest-assured-common-4.5.1.jar:/tmp/mavenrepository/io/rest-assured/xml-path/4.5.1/xml-path-4.5.1.jar:/tmp/mavenrepository/org/apache/commons/commons-lang3/3.12.0/commons-lang3-3.12.0.jar:"/>
    <property name="sun.cpu.endian" value="little"/>
    <property name="user.home" value="/home/albarry"/>
    <property name="user.language" value="fr"/>
    <property name="jboss.log-version" value="false"/>
    <property name="java.specification.vendor" value="Oracle Corporation"/>
    <property name="io.netty.allocator.maxOrder" value="3"/>
    <property name="java.version.date" value="2022-10-18"/>
    <property name="java.home" value="/usr/lib/jvm/java-11-openjdk-amd64"/>
    <property name="file.separator" value="/"/>
    <property name="basedir" value="/home/albarry/Documents/projet_al_fr-administration/Quarkus"/>
    <property name="java.vm.compressedOopsMode" value="32-bit"/>
    <property name="line.separator" value="&#10;"/>
    <property name="java.specification.name" value="Java Platform API Specification"/>
    <property name="java.vm.specification.vendor" value="Oracle Corporation"/>
    <property name="java.awt.graphicsenv" value="sun.awt.X11GraphicsEnvironment"/>
    <property name="surefire.real.class.path" value="/home/albarry/Documents/projet_al_fr-administration/Quarkus/target/surefire/surefirebooter-20230120181937900_3.jar"/>
    <property name="sun.management.compiler" value="HotSpot 64-Bit Tiered Compilers"/>
    <property name="java.runtime.version" value="11.0.17+8-post-Ubuntu-1ubuntu222.04"/>
    <property name="user.name" value="albarry"/>
    <property name="path.separator" value=":"/>
    <property name="os.version" value="5.15.0-58-generic"/>
    <property name="java.runtime.name" value="OpenJDK Runtime Environment"/>
    <property name="file.encoding" value="UTF-8"/>
    <property name="java.vm.name" value="OpenJDK 64-Bit Server VM"/>
    <property name="localRepository" value="/tmp/mavenrepository"/>
    <property name="java.vendor.url.bug" value="https://bugs.launchpad.net/ubuntu/+source/openjdk-lts"/>
    <property name="java.io.tmpdir" value="/tmp"/>
    <property name="quarkus.log.file.path" value="target/quarkus.log"/>
    <property name="java.version" value="11.0.17"/>
    <property name="java.util.concurrent.ForkJoinPool.common.threadFactory" value="io.quarkus.bootstrap.forkjoin.QuarkusForkJoinWorkerThreadFactory"/>
    <property name="user.dir" value="/home/albarry/Documents/projet_al_fr-administration/Quarkus"/>
    <property name="os.arch" value="amd64"/>
    <property name="java.vm.specification.name" value="Java Virtual Machine Specification"/>
    <property name="vertx.disableDnsResolver" value="true"/>
    <property name="java.awt.printerjob" value="sun.print.PSPrinterJob"/>
    <property name="sun.os.patch.level" value="unknown"/>
    <property name="java.util.logging.manager" value="org.jboss.logmanager.LogManager"/>
    <property name="java.library.path" value="/usr/java/packages/lib:/usr/lib/x86_64-linux-gnu/jni:/lib/x86_64-linux-gnu:/usr/lib/x86_64-linux-gnu:/usr/lib/jni:/lib:/usr/lib"/>
    <property name="java.vm.info" value="mixed mode, sharing"/>
    <property name="java.vendor" value="Ubuntu"/>
    <property name="vertx.disableTCCL" value="true"/>
    <property name="java.vm.version" value="11.0.17+8-post-Ubuntu-1ubuntu222.04"/>
    <property name="sun.io.unicode.encoding" value="UnicodeLittle"/>
    <property name="io.netty.machineId" value="9f:a8:35:59:a4:1e:3e:da"/>
    <property name="java.class.version" value="55.0"/>
  </properties>
  <testcase name="testHelloEndpoint" classname="org.acme.GreetingResourceTest" time="3.344">
    <system-out><![CDATA[2023-01-20 18:19:50,208 INFO  [io.sma.rea.mes.rabbitmq] (main) SRMSG17036: RabbitMQ broker configured to localhost:5672 for channel mail_queue
2023-01-20 18:19:50,229 INFO  [io.sma.rea.mes.rabbitmq] (main) SRMSG17006: Establishing connection with RabbitMQ broker for channel `mail_queue`
2023-01-20 18:19:50,235 INFO  [io.sma.rea.mes.rabbitmq] (main) SRMSG17007: Connection with RabbitMQ broker established for channel `mail_queue`
2023-01-20 18:19:50,237 INFO  [io.ver.rab.imp.RabbitMQClientImpl] (main) Starting rabbitmq client
2023-01-20 18:19:50,339 ERROR [io.ver.rab.imp.RabbitMQClientImpl] (executor-thread-0) Could not connect to rabbitmq: java.net.ConnectException: Connexion refusée (Connection refused)
	at java.base/java.net.PlainSocketImpl.socketConnect(Native Method)
	at java.base/java.net.AbstractPlainSocketImpl.doConnect(AbstractPlainSocketImpl.java:412)
	at java.base/java.net.AbstractPlainSocketImpl.connectToAddress(AbstractPlainSocketImpl.java:255)
	at java.base/java.net.AbstractPlainSocketImpl.connect(AbstractPlainSocketImpl.java:237)
	at java.base/java.net.SocksSocketImpl.connect(SocksSocketImpl.java:392)
	at java.base/java.net.Socket.connect(Socket.java:609)
	at com.rabbitmq.client.impl.SocketFrameHandlerFactory.create(SocketFrameHandlerFactory.java:60)
	at com.rabbitmq.client.ConnectionFactory.newConnection(ConnectionFactory.java:1137)
	at com.rabbitmq.client.ConnectionFactory.newConnection(ConnectionFactory.java:1087)
	at com.rabbitmq.client.ConnectionFactory.newConnection(ConnectionFactory.java:985)
	at io.vertx.rabbitmq.impl.RabbitMQClientImpl.newConnection(RabbitMQClientImpl.java:152)
	at io.vertx.rabbitmq.impl.RabbitMQClientImpl.connect(RabbitMQClientImpl.java:830)
	at io.vertx.rabbitmq.impl.RabbitMQClientImpl.lambda$tryConnect$36(RabbitMQClientImpl.java:750)
	at io.vertx.core.impl.ContextBase.lambda$null$0(ContextBase.java:137)
	at io.vertx.core.impl.ContextInternal.dispatch(ContextInternal.java:264)
	at io.vertx.core.impl.ContextBase.lambda$executeBlocking$1(ContextBase.java:135)
	at io.vertx.core.impl.TaskQueue.run(TaskQueue.java:76)
	at io.quarkus.vertx.core.runtime.VertxCoreRecorder$14.runWith(VertxCoreRecorder.java:581)
	at org.jboss.threads.EnhancedQueueExecutor$Task.run(EnhancedQueueExecutor.java:2449)
	at org.jboss.threads.EnhancedQueueExecutor$ThreadBody.run(EnhancedQueueExecutor.java:1478)
	at org.jboss.threads.DelegatingRunnable.run(DelegatingRunnable.java:29)
	at org.jboss.threads.ThreadLocalResettingRunnable.run(ThreadLocalResettingRunnable.java:29)
	at io.netty.util.concurrent.FastThreadLocalRunnable.run(FastThreadLocalRunnable.java:30)
	at java.base/java.lang.Thread.run(Thread.java:829)

2023-01-20 18:19:50,449 INFO  [io.ver.rab.imp.RabbitMQClientImpl] (vert.x-eventloop-thread-2) Attempting to reconnect to rabbitmq...
2023-01-20 18:19:50,627 INFO  [io.quarkus] (main) code-with-quarkus 1.0.0-SNAPSHOT on JVM (powered by Quarkus 2.15.3.Final) started in 5.302s. Listening on: http://localhost:8081
2023-01-20 18:19:50,628 INFO  [io.quarkus] (main) Profile test activated. 
2023-01-20 18:19:50,628 INFO  [io.quarkus] (main) Installed features: [cdi, mailer, qute, resteasy-reactive, smallrye-context-propagation, smallrye-reactive-messaging, smallrye-reactive-messaging-rabbitmq, vertx]
]]></system-out>
  </testcase>
</testsuite>